<?xml version="1.0" encoding="UTF-8"?>
<testng-results skipped="0" failed="1" ignored="1" total="3" passed="1">
  <reporter-output>
  </reporter-output>
  <suite name="Suite" duration-ms="47280" started-at="2021-07-31T17:17:48 IST" finished-at="2021-07-31T17:18:35 IST">
    <groups>
    </groups>
    <test name="Test" duration-ms="47280" started-at="2021-07-31T17:17:48 IST" finished-at="2021-07-31T17:18:35 IST">
      <class name="org.testing.TestScripts.WeatherReportUsingAPI">
        <test-method status="PASS" signature="weatherReportByAPI()[pri:0, instance:org.testing.TestScripts.WeatherReportUsingAPI@6eceb130]" name="weatherReportByAPI" duration-ms="5883" started-at="2021-07-31T17:17:48 IST" finished-at="2021-07-31T17:17:53 IST">
          <reporter-output>
          </reporter-output>
        </test-method> <!-- weatherReportByAPI -->
      </class> <!-- org.testing.TestScripts.WeatherReportUsingAPI -->
      <class name="org.testing.TestScripts.FetchWeatherReportUsingUI">
        <test-method status="PASS" signature="browserLaunchUrlHit()[pri:0, instance:org.testing.TestScripts.FetchWeatherReportUsingUI@10a035a0]" name="browserLaunchUrlHit" is-config="true" duration-ms="22375" started-at="2021-07-31T17:17:48 IST" finished-at="2021-07-31T17:18:10 IST">
          <reporter-output>
          </reporter-output>
        </test-method> <!-- browserLaunchUrlHit -->
        <test-method status="FAIL" signature="retriveReport()[pri:0, instance:org.testing.TestScripts.FetchWeatherReportUsingUI@10a035a0]" name="retriveReport" duration-ms="10596" started-at="2021-07-31T17:18:10 IST" finished-at="2021-07-31T17:18:21 IST">
          <exception class="java.lang.NumberFormatException">
            <message>
              <![CDATA[For input string: ""]]>
            </message>
            <full-stacktrace>
              <![CDATA[java.lang.NumberFormatException: For input string: ""
at java.lang.NumberFormatException.forInputString(NumberFormatException.java:65)
at java.lang.Integer.parseInt(Integer.java:592)
at java.lang.Integer.parseInt(Integer.java:615)
at org.testing.TestScripts.FetchWeatherReportUsingUI.retriveReport(FetchWeatherReportUsingUI.java:33)
at sun.reflect.NativeMethodAccessorImpl.invoke0(Native Method)
at sun.reflect.NativeMethodAccessorImpl.invoke(NativeMethodAccessorImpl.java:62)
at sun.reflect.DelegatingMethodAccessorImpl.invoke(DelegatingMethodAccessorImpl.java:43)
at java.lang.reflect.Method.invoke(Method.java:498)
at org.testng.internal.MethodInvocationHelper.invokeMethod(MethodInvocationHelper.java:133)
at org.testng.internal.TestInvoker.invokeMethod(TestInvoker.java:598)
at org.testng.internal.TestInvoker.invokeTestMethod(TestInvoker.java:173)
at org.testng.internal.MethodRunner.runInSequence(MethodRunner.java:46)
at org.testng.internal.TestInvoker$MethodInvocationAgent.invoke(TestInvoker.java:824)
at org.testng.internal.TestInvoker.invokeTestMethods(TestInvoker.java:146)
at org.testng.internal.TestMethodWorker.invokeTestMethods(TestMethodWorker.java:146)
at org.testng.internal.TestMethodWorker.run(TestMethodWorker.java:128)
at java.util.concurrent.ThreadPoolExecutor.runWorker(ThreadPoolExecutor.java:1149)
at java.util.concurrent.ThreadPoolExecutor$Worker.run(ThreadPoolExecutor.java:624)
at java.lang.Thread.run(Thread.java:748)
]]>
            </full-stacktrace>
          </exception> <!-- java.lang.NumberFormatException -->
          <reporter-output>
          </reporter-output>
        </test-method> <!-- retriveReport -->
        <test-method status="PASS" signature="closeBrowser()[pri:0, instance:org.testing.TestScripts.FetchWeatherReportUsingUI@10a035a0]" name="closeBrowser" is-config="true" duration-ms="14272" started-at="2021-07-31T17:18:21 IST" finished-at="2021-07-31T17:18:35 IST">
          <reporter-output>
          </reporter-output>
        </test-method> <!-- closeBrowser -->
      </class> <!-- org.testing.TestScripts.FetchWeatherReportUsingUI -->
    </test> <!-- Test -->
  </suite> <!-- Suite -->
</testng-results>
