<?xml version="1.0" encoding="UTF-8"?>
<!-- Generated by org.testng.reporters.JUnitXMLReporter -->
<testsuite hostname="DESKTOP-531T4BG" ignored="1" name="Test" tests="2" failures="1" timestamp="2021-07-31T17:18:35 IST" time="47.28" errors="0">
  <testcase name="weatherReportByAPI" time="5.883" classname="org.testing.TestScripts.WeatherReportUsingAPI"/>
  <testcase name="retriveReport" time="10.596" classname="org.testing.TestScripts.FetchWeatherReportUsingUI">
    <failure type="java.lang.NumberFormatException" message="For input string: &amp;quot;&amp;quot;">
      <![CDATA[java.lang.NumberFormatException: For input string: ""
at java.lang.NumberFormatException.forInputString(NumberFormatException.java:65)
at java.lang.Integer.parseInt(Integer.java:592)
at java.lang.Integer.parseInt(Integer.java:615)
at org.testing.TestScripts.FetchWeatherReportUsingUI.retriveReport(FetchWeatherReportUsingUI.java:33)
at java.util.concurrent.ThreadPoolExecutor.runWorker(ThreadPoolExecutor.java:1149)
at java.util.concurrent.ThreadPoolExecutor$Worker.run(ThreadPoolExecutor.java:624)
at java.lang.Thread.run(Thread.java:748)
... Removed 12 stack frames]]>
    </failure>
  </testcase> <!-- retriveReport -->
  <testcase name="compareValues" time="0.0" classname="org.testing.TestScripts.ComparingReportsAPIVsUI">
    <ignored/>
  </testcase> <!-- compareValues -->
</testsuite> <!-- Test -->
